<?xml version="1.0" encoding="UTF-8"?>
<!-- Generated by org.testng.reporters.JUnitReportReporter -->
<testsuite hostname="LAPTOP-42USQQ8O" failures="0" tests="4" name="Test.ZerodhaLoginPageTest" time="84.389" errors="0" timestamp="2022-06-17T23:07:38 IST" skipped="0">
  <testcase classname="Test.ZerodhaLoginPageTest" name="ClickOnLoginWithoutTestData" time="12.234"/>
  <system-out/>
  <testcase classname="Test.ZerodhaLoginPageTest" name="loginWithValidCredentialsTest" time="6.881"/>
  <system-out/>
  <testcase classname="Test.ZerodhaLoginPageTest" name="signUpLinkTest" time="4.360"/>
  <system-out/>
  <testcase classname="Test.ZerodhaLoginPageTest" name="forgetPasswordLikedTest" time="60.914"/>
  <system-out/>
</testsuite> <!-- Test.ZerodhaLoginPageTest -->
