<?xml version="1.0" encoding="UTF-8"?>
<!-- Generated by org.testng.reporters.JUnitReportReporter -->
<testsuite hostname="LAPTOP-42USQQ8O" failures="0" tests="1" name="Test.ZerdodhaPinPageTest" time="4.219" errors="0" timestamp="2022-06-10T19:57:12 IST" skipped="0">
  <testcase classname="Test.ZerdodhaPinPageTest" name="EnterPinTest" time="4.219"/>
  <system-out/>
</testsuite> <!-- Test.ZerdodhaPinPageTest -->
