<?xml version="1.0" encoding="UTF-8"?>
<!-- Generated by org.testng.reporters.JUnitReportReporter -->
<testsuite hostname="LAPTOP-42USQQ8O" failures="0" tests="4" name="Test.ZerdodhaPinPageWithTest" time="29.154" errors="0" timestamp="2022-06-06T16:35:58 IST" skipped="0">
  <testcase classname="Test.ZerdodhaPinPageWithTest" name="clickOnLoginTest" time="8.149"/>
  <system-out/>
  <testcase classname="Test.ZerdodhaPinPageWithTest" name="EnterPinTest" time="8.543"/>
  <system-out/>
  <testcase classname="Test.ZerdodhaPinPageWithTest" name="clickOnForgetTest" time="5.806"/>
  <system-out/>
  <testcase classname="Test.ZerdodhaPinPageWithTest" name="clickOnSignUpTest" time="6.656"/>
  <system-out/>
</testsuite> <!-- Test.ZerdodhaPinPageWithTest -->
