<?xml version="1.0" encoding="UTF-8"?>
<!-- Generated by org.testng.reporters.JUnitReportReporter -->
<testsuite hostname="LAPTOP-42USQQ8O" failures="0" tests="1" name="Test.DashBoardZerodha" time="19.227" errors="0" timestamp="2022-06-13T23:10:38 IST" skipped="0">
  <testcase classname="Test.DashBoardZerodha" name="purchaseShareACC" time="19.227"/>
  <system-out/>
</testsuite> <!-- Test.DashBoardZerodha -->
