<?xml version="1.0" encoding="UTF-8"?>
<!-- Generated by org.testng.reporters.JUnitReportReporter -->
<testsuite hostname="LAPTOP-42USQQ8O" failures="0" tests="2" name="Test.ZerodhaLoginPage" time="0.010" errors="0" timestamp="2022-06-03T23:58:58 IST" skipped="0">
  <testcase classname="Test.ZerodhaLoginPage" name="test1" time="0.003"/>
  <system-out/>
  <testcase classname="Test.ZerodhaLoginPage" name="test" time="0.007"/>
  <system-out/>
</testsuite> <!-- Test.ZerodhaLoginPage -->
