<?xml version="1.0" encoding="UTF-8"?>
<!-- Generated by org.testng.reporters.JUnitReportReporter -->
<testsuite hostname="LAPTOP-42USQQ8O" failures="0" tests="4" name="Test.ZerodhaUserIDandPasswordPageTest" time="30.620" errors="0" timestamp="2022-06-15T21:30:12 IST" skipped="0">
  <testcase classname="Test.ZerodhaUserIDandPasswordPageTest" name="ClickOnBack" time="8.848"/>
  <system-out/>
  <testcase classname="Test.ZerodhaUserIDandPasswordPageTest" name="ClickOnDonthaveAcc" time="6.645"/>
  <system-out/>
  <testcase classname="Test.ZerodhaUserIDandPasswordPageTest" name="userIDpasswordReset" time="7.563"/>
  <system-out/>
  <testcase classname="Test.ZerodhaUserIDandPasswordPageTest" name="CaptcaGet" time="7.564"/>
  <system-out/>
</testsuite> <!-- Test.ZerodhaUserIDandPasswordPageTest -->
