<?xml version="1.0" encoding="UTF-8"?>
<!-- Generated by org.testng.reporters.JUnitReportReporter -->
<testsuite hostname="LAPTOP-42USQQ8O" failures="0" tests="1" name="Test.purchaseShare" time="8.517" errors="0" timestamp="2022-06-09T22:16:47 IST" skipped="0">
  <testcase classname="Test.purchaseShare" name="purchaseShareACC" time="8.517"/>
  <system-out/>
</testsuite> <!-- Test.purchaseShare -->
